[0.000000] (-) TimerEvent: {}
[0.000066] (stonefish_slam) JobQueued: {'identifier': 'stonefish_slam', 'dependencies': OrderedDict()}
[0.000235] (stonefish_slam) JobStarted: {'identifier': 'stonefish_slam'}
[0.004589] (stonefish_slam) JobProgress: {'identifier': 'stonefish_slam', 'progress': 'cmake'}
[0.004989] (stonefish_slam) Command: {'cmd': ['/usr/bin/cmake', '/workspace/colcon_ws/src/stonefish_slam', '-DAMENT_CMAKE_SYMLINK_INSTALL=1', '-DCMAKE_INSTALL_PREFIX=/workspace/colcon_ws/src/stonefish_slam/install/stonefish_slam'], 'cwd': '/workspace/colcon_ws/src/stonefish_slam/build/stonefish_slam', 'env': OrderedDict([('SIMULATION_RATE', '300.0'), ('CLAUDE_CODE_ENTRYPOINT', 'cli'), ('GIT_EDITOR', 'true'), ('GRAPHICS_HEIGHT', '1080'), ('HOSTNAME', 'ksm-MS-7E01'), ('BLUEROV2_CONFIG_PATH', '/workspace/scenarios/bluerov2'), ('GIT_ASKPASS', '/root/.vscode-server/bin/1e3c50d64110be466c0b4a45222e81d2c9352888/extensions/git/dist/askpass.sh'), ('SHLVL', '3'), ('LIBGL_ALWAYS_SOFTWARE', '0'), ('LD_LIBRARY_PATH', '/workspace/colcon_ws/install/stonefish_ros2/lib:/workspace/colcon_ws/install/stonefish_msgs/lib:/workspace/colcon_ws/install/stonefish_control_msgs/lib:/opt/ros/humble/opt/rviz_ogre_vendor/lib:/opt/ros/humble/lib/x86_64-linux-gnu:/opt/ros/humble/lib'), ('BROWSER', '/root/.vscode-server/bin/1e3c50d64110be466c0b4a45222e81d2c9352888/bin/helpers/browser.sh'), ('HOME', '/root'), ('TERM_PROGRAM_VERSION', '1.106.2'), ('VSCODE_IPC_HOOK_CLI', '/tmp/runtime-root/vscode-ipc-3edfe2c3-03c7-48fe-8765-7fda3a20722c.sock'), ('RESULTS_PATH', '/workspace/results'), ('ROS_PYTHON_VERSION', '3'), ('VSCODE_GIT_ASKPASS_MAIN', '/root/.vscode-server/bin/1e3c50d64110be466c0b4a45222e81d2c9352888/extensions/git/dist/askpass-main.js'), ('VSCODE_GIT_ASKPASS_NODE', '/root/.vscode-server/bin/1e3c50d64110be466c0b4a45222e81d2c9352888/node'), ('DATA_PATH', '/workspace/data'), ('VSCODE_PYTHON_AUTOACTIVATE_GUARD', '1'), ('COLORTERM', 'truecolor'), ('REMOTE_CONTAINERS', 'true'), ('BLUEROV2_MODEL_PATH', '/workspace/colcon_ws/src/stonefish_bluerov2'), ('DEBUGINFOD_URLS', ''), ('COLCON_PREFIX_PATH', '/workspace/colcon_ws/install'), ('ROS_DISTRO', 'humble'), ('REMOTE_CONTAINERS_IPC', '/tmp/vscode-remote-containers-ipc-ca092b76-f76c-409a-b2b3-6087c35312d0.sock'), ('_', '/usr/bin/colcon'), ('ROS_VERSION', '2'), ('CLAUDE_CODE_SSE_PORT', '38935'), ('TERM', 'xterm-256color'), ('OTEL_EXPORTER_OTLP_METRICS_TEMPORALITY_PREFERENCE', 'delta'), ('ROS_LOCALHOST_ONLY', '0'), ('QT_X11_NO_MITSHM', '1'), ('PATH', '/usr/local/bin:/root/.vscode-server/data/User/globalStorage/github.copilot-chat/debugCommand:/root/.vscode-server/data/User/globalStorage/github.copilot-chat/copilotCli:/root/.vscode-server/bin/1e3c50d64110be466c0b4a45222e81d2c9352888/bin/remote-cli:/usr/lib/ccache:/usr/local/bin:/workspace/colcon_ws/install/stonefish_control_utils/bin:/workspace/colcon_ws/install/human-eval/bin:/opt/ros/humble/bin:/usr/local/sbin:/usr/local/bin:/usr/sbin:/usr/bin:/sbin:/bin:/workspace/ardupilot/Tools/autotest:/workspace/ardupilot/Tools/autotest:/workspace/ardupilot/Tools/autotest'), ('ANTHROPIC_API_KEY', ''), ('COREPACK_ENABLE_AUTO_PIN', '0'), ('XDG_RUNTIME_DIR', '/tmp/runtime-root'), ('REMOTE_CONTAINERS_SOCKETS', '["/tmp/vscode-ssh-auth-ca092b76-f76c-409a-b2b3-6087c35312d0.sock","/root/.gnupg/S.gpg-agent"]'), ('DISPLAY', ':0'), ('STONEFISH_DATA_PATH', '/workspace/data/stonefish'), ('GRAPHICS_WIDTH', '1920'), ('NoDefaultCurrentDirectoryInExePath', '1'), ('LANG', 'C.UTF-8'), ('SCENARIOS_PATH', '/workspace/scenarios'), ('RMW_IMPLEMENTATION', 'rmw_fastrtps_cpp'), ('CONTAINER_NAME', 'stonefish-ros2-humble'), ('LS_COLORS', 'rs=0:di=01;34:ln=01;36:mh=00:pi=40;33:so=01;35:do=01;35:bd=40;33;01:cd=40;33;01:or=40;31;01:mi=00:su=37;41:sg=30;43:ca=30;41:tw=30;42:ow=34;42:st=37;44:ex=01;32:*.tar=01;31:*.tgz=01;31:*.arc=01;31:*.arj=01;31:*.taz=01;31:*.lha=01;31:*.lz4=01;31:*.lzh=01;31:*.lzma=01;31:*.tlz=01;31:*.txz=01;31:*.tzo=01;31:*.t7z=01;31:*.zip=01;31:*.z=01;31:*.dz=01;31:*.gz=01;31:*.lrz=01;31:*.lz=01;31:*.lzo=01;31:*.xz=01;31:*.zst=01;31:*.tzst=01;31:*.bz2=01;31:*.bz=01;31:*.tbz=01;31:*.tbz2=01;31:*.tz=01;31:*.deb=01;31:*.rpm=01;31:*.jar=01;31:*.war=01;31:*.ear=01;31:*.sar=01;31:*.rar=01;31:*.alz=01;31:*.ace=01;31:*.zoo=01;31:*.cpio=01;31:*.7z=01;31:*.rz=01;31:*.cab=01;31:*.wim=01;31:*.swm=01;31:*.dwm=01;31:*.esd=01;31:*.jpg=01;35:*.jpeg=01;35:*.mjpg=01;35:*.mjpeg=01;35:*.gif=01;35:*.bmp=01;35:*.pbm=01;35:*.pgm=01;35:*.ppm=01;35:*.tga=01;35:*.xbm=01;35:*.xpm=01;35:*.tif=01;35:*.tiff=01;35:*.png=01;35:*.svg=01;35:*.svgz=01;35:*.mng=01;35:*.pcx=01;35:*.mov=01;35:*.mpg=01;35:*.mpeg=01;35:*.m2v=01;35:*.mkv=01;35:*.webm=01;35:*.webp=01;35:*.ogm=01;35:*.mp4=01;35:*.m4v=01;35:*.mp4v=01;35:*.vob=01;35:*.qt=01;35:*.nuv=01;35:*.wmv=01;35:*.asf=01;35:*.rm=01;35:*.rmvb=01;35:*.flc=01;35:*.avi=01;35:*.fli=01;35:*.flv=01;35:*.gl=01;35:*.dl=01;35:*.xcf=01;35:*.xwd=01;35:*.yuv=01;35:*.cgm=01;35:*.emf=01;35:*.ogv=01;35:*.ogx=01;35:*.aac=00;36:*.au=00;36:*.flac=00;36:*.m4a=00;36:*.mid=00;36:*.midi=00;36:*.mka=00;36:*.mp3=00;36:*.mpc=00;36:*.ogg=00;36:*.ra=00;36:*.wav=00;36:*.oga=00;36:*.opus=00;36:*.spx=00;36:*.xspf=00;36:'), ('VSCODE_GIT_IPC_HANDLE', '/tmp/runtime-root/vscode-git-42ee3b3b79.sock'), ('TERM_PROGRAM', 'vscode'), ('SSH_AUTH_SOCK', '/tmp/vscode-ssh-auth-ca092b76-f76c-409a-b2b3-6087c35312d0.sock'), ('ROS_DOMAIN_ID', '0'), ('AMENT_PREFIX_PATH', '/workspace/colcon_ws/install/stonefish_trajectory_manager:/workspace/colcon_ws/install/stonefish_thruster_manager:/workspace/colcon_ws/install/stonefish_slam:/workspace/colcon_ws/install/stonefish_ros2:/workspace/colcon_ws/install/stonefish_msgs:/workspace/colcon_ws/install/stonefish_description:/workspace/colcon_ws/install/stonefish_control_utils:/workspace/colcon_ws/install/stonefish_control:/workspace/colcon_ws/install/stonefish_control_msgs:/opt/ros/humble'), ('DEBIAN_FRONTEND', 'noninteractive'), ('SHELL', '/bin/bash'), ('DOCKER_IMAGE', 'luckkim123/stonefish-ros2-humble:1.0.0'), ('CLAUDECODE', '1'), ('VSCODE_GIT_ASKPASS_EXTRA_ARGS', ''), ('CLAUDE_MD_PATH', '/home/ksm/workspace/CLAUDE.md'), ('PWD', '/workspace/colcon_ws/src/stonefish_slam/build/stonefish_slam'), ('ENABLE_IDE_INTEGRATION', 'true'), ('LC_ALL', 'C.UTF-8'), ('DATA_ROOT', '/home/ksm/workspace/2_data'), ('RCUTILS_COLORIZED_OUTPUT', '1'), ('MESA_GL_VERSION_OVERRIDE', '4.5'), ('PYTHONPATH', '/workspace/colcon_ws/install/stonefish_trajectory_manager/lib/python3.10/site-packages:/workspace/colcon_ws/install/stonefish_thruster_manager/lib/python3.10/site-packages:/workspace/colcon_ws/install/stonefish_slam/local/lib/python3.10/dist-packages:/workspace/colcon_ws/install/stonefish_msgs/local/lib/python3.10/dist-packages:/workspace/colcon_ws/install/stonefish_control_utils/lib/python3.10/site-packages:/workspace/colcon_ws/install/stonefish_control/lib/python3.10/site-packages:/workspace/colcon_ws/install/stonefish_control_msgs/local/lib/python3.10/dist-packages:/workspace/colcon_ws/install/human-eval/lib/python3.10/site-packages:/workspace/colcon_ws/install/eureka/lib/python3.10/site-packages:/workspace/colcon_ws/install/dr_eureka/lib/python3.10/site-packages:/opt/ros/humble/lib/python3.10/site-packages:/opt/ros/humble/local/lib/python3.10/dist-packages'), ('TZ', 'Asia/Seoul'), ('COLCON', '1'), ('GRAPHICS_QUALITY', 'high'), ('CMAKE_PREFIX_PATH', '/workspace/colcon_ws/install/stonefish_slam:/workspace/colcon_ws/install/stonefish_ros2:/workspace/colcon_ws/install/stonefish_msgs:/workspace/colcon_ws/install/stonefish_description:/workspace/colcon_ws/install/stonefish_control_msgs:/workspace/colcon_ws/install/stonefish_trajectory_manager:/workspace/colcon_ws/install/stonefish_thruster_manager:/workspace/colcon_ws/install/stonefish_control_utils:/workspace/colcon_ws/install/stonefish_control:/opt/ros/humble')]), 'shell': False}
[0.030855] (stonefish_slam) StdoutLine: {'line': b'-- The C compiler identification is GNU 11.4.0\n'}
[0.061552] (stonefish_slam) StdoutLine: {'line': b'-- The CXX compiler identification is GNU 11.4.0\n'}
[0.066017] (stonefish_slam) StdoutLine: {'line': b'-- Detecting C compiler ABI info\n'}
[0.095707] (stonefish_slam) StdoutLine: {'line': b'-- Detecting C compiler ABI info - done\n'}
[0.099183] (stonefish_slam) StdoutLine: {'line': b'-- Check for working C compiler: /usr/lib/ccache/cc - skipped\n'}
[0.099286] (stonefish_slam) StdoutLine: {'line': b'-- Detecting C compile features\n'}
[0.099468] (stonefish_slam) StdoutLine: {'line': b'-- Detecting C compile features - done\n'}
[0.099767] (-) TimerEvent: {}
[0.100949] (stonefish_slam) StdoutLine: {'line': b'-- Detecting CXX compiler ABI info\n'}
[0.134386] (stonefish_slam) StdoutLine: {'line': b'-- Detecting CXX compiler ABI info - done\n'}
[0.137930] (stonefish_slam) StdoutLine: {'line': b'-- Check for working CXX compiler: /usr/lib/ccache/c++ - skipped\n'}
[0.138065] (stonefish_slam) StdoutLine: {'line': b'-- Detecting CXX compile features\n'}
[0.138316] (stonefish_slam) StdoutLine: {'line': b'-- Detecting CXX compile features - done\n'}
[0.140049] (stonefish_slam) StdoutLine: {'line': b'-- Found ament_cmake: 1.3.12 (/opt/ros/humble/share/ament_cmake/cmake)\n'}
[0.199847] (-) TimerEvent: {}
[0.300021] (-) TimerEvent: {}
[0.327147] (stonefish_slam) StdoutLine: {'line': b'-- Found Python3: /usr/bin/python3 (found version "3.10.12") found components: Interpreter \n'}
[0.359852] (stonefish_slam) StdoutLine: {'line': b'-- Override CMake install command with custom implementation using symlinks instead of copying resources\n'}
[0.378802] (stonefish_slam) StdoutLine: {'line': b'-- Found rclcpp: 16.0.15 (/opt/ros/humble/share/rclcpp/cmake)\n'}
[0.400212] (-) TimerEvent: {}
[0.403804] (stonefish_slam) StdoutLine: {'line': b'-- Found rosidl_generator_c: 3.1.7 (/opt/ros/humble/share/rosidl_generator_c/cmake)\n'}
[0.407299] (stonefish_slam) StdoutLine: {'line': b'-- Found rosidl_adapter: 3.1.7 (/opt/ros/humble/share/rosidl_adapter/cmake)\n'}
[0.412278] (stonefish_slam) StdoutLine: {'line': b'-- Found rosidl_generator_cpp: 3.1.7 (/opt/ros/humble/share/rosidl_generator_cpp/cmake)\n'}
[0.418938] (stonefish_slam) StdoutLine: {'line': b'-- Using all available rosidl_typesupport_c: rosidl_typesupport_fastrtps_c;rosidl_typesupport_introspection_c\n'}
[0.428002] (stonefish_slam) StdoutLine: {'line': b'-- Using all available rosidl_typesupport_cpp: rosidl_typesupport_fastrtps_cpp;rosidl_typesupport_introspection_cpp\n'}
[0.453701] (stonefish_slam) StdoutLine: {'line': b'-- Found rmw_implementation_cmake: 6.1.2 (/opt/ros/humble/share/rmw_implementation_cmake/cmake)\n'}
[0.455458] (stonefish_slam) StdoutLine: {'line': b'-- Found rmw_fastrtps_cpp: 6.2.8 (/opt/ros/humble/share/rmw_fastrtps_cpp/cmake)\n'}
[0.495791] (stonefish_slam) StdoutLine: {'line': b'-- Found OpenSSL: /usr/lib/x86_64-linux-gnu/libcrypto.so (found version "3.0.2")  \n'}
[0.500273] (-) TimerEvent: {}
[0.513744] (stonefish_slam) StdoutLine: {'line': b'-- Found FastRTPS: /opt/ros/humble/include  \n'}
[0.539968] (stonefish_slam) StdoutLine: {'line': b"-- Using RMW implementation 'rmw_fastrtps_cpp' as default\n"}
[0.545669] (stonefish_slam) StdoutLine: {'line': b'-- Looking for pthread.h\n'}
[0.573805] (stonefish_slam) StdoutLine: {'line': b'-- Looking for pthread.h - found\n'}
[0.573946] (stonefish_slam) StdoutLine: {'line': b'-- Performing Test CMAKE_HAVE_LIBC_PTHREAD\n'}
[0.599873] (stonefish_slam) StdoutLine: {'line': b'-- Performing Test CMAKE_HAVE_LIBC_PTHREAD - Success\n'}
[0.600343] (-) TimerEvent: {}
[0.600418] (stonefish_slam) StdoutLine: {'line': b'-- Found Threads: TRUE  \n'}
[0.627536] (stonefish_slam) StdoutLine: {'line': b'-- Found rclpy: 3.3.17 (/opt/ros/humble/share/rclpy/cmake)\n'}
[0.628659] (stonefish_slam) StdoutLine: {'line': b'-- Found sensor_msgs: 4.9.0 (/opt/ros/humble/share/sensor_msgs/cmake)\n'}
[0.644465] (stonefish_slam) StdoutLine: {'line': b'-- Found nav_msgs: 4.9.0 (/opt/ros/humble/share/nav_msgs/cmake)\n'}
[0.653092] (stonefish_slam) StdoutLine: {'line': b'-- Found visualization_msgs: 4.9.0 (/opt/ros/humble/share/visualization_msgs/cmake)\n'}
[0.663183] (stonefish_slam) StdoutLine: {'line': b'-- Found tf2_ros: 0.25.16 (/opt/ros/humble/share/tf2_ros/cmake)\n'}
[0.700433] (-) TimerEvent: {}
[0.717817] (stonefish_slam) StdoutLine: {'line': b'-- Found tf2_geometry_msgs: 0.25.16 (/opt/ros/humble/share/tf2_geometry_msgs/cmake)\n'}
[0.727660] (stonefish_slam) StdoutLine: {'line': b'-- Found eigen3_cmake_module: 0.1.1 (/opt/ros/humble/share/eigen3_cmake_module/cmake)\n'}
[0.728346] (stonefish_slam) StdoutLine: {'line': b'-- Found Eigen3: TRUE (found version "3.4.0") \n'}
[0.728443] (stonefish_slam) StdoutLine: {'line': b'-- Ensuring Eigen3 include directory is part of orocos-kdl CMake target\n'}
[0.753713] (stonefish_slam) StdoutLine: {'line': b'-- Performing Test HAS_FLTO\n'}
[0.800518] (-) TimerEvent: {}
[0.805657] (stonefish_slam) StdoutLine: {'line': b'-- Performing Test HAS_FLTO - Success\n'}
[0.806013] (stonefish_slam) StdoutLine: {'line': b'-- Found pybind11: /usr/include (found version "2.9.1")\n'}
[0.900607] (-) TimerEvent: {}
[0.925384] (stonefish_slam) StdoutLine: {'line': b'-- Found OpenMP_C: -fopenmp (found version "4.5") \n'}
[0.955718] (stonefish_slam) StdoutLine: {'line': b'-- Found OpenMP_CXX: -fopenmp (found version "4.5") \n'}
[0.955897] (stonefish_slam) StdoutLine: {'line': b'-- Found OpenMP: TRUE (found version "4.5")  \n'}
[0.974914] (stonefish_slam) StdoutLine: {'line': b'-- Found Boost: /usr/lib/x86_64-linux-gnu/cmake/Boost-1.74.0/BoostConfig.cmake (found version "1.74.0") found components: thread filesystem system program_options date_time \n'}
[0.979890] (stonefish_slam) StdoutLine: {'line': b'-- Found Boost: /usr/lib/x86_64-linux-gnu/cmake/Boost-1.74.0/BoostConfig.cmake (found version "1.74.0") found components: thread filesystem system program_options date_time chrono \n'}
[0.987541] (stonefish_slam) StdoutLine: {'line': b"-- Checking for module 'eigen3'\n"}
[0.992129] (stonefish_slam) StdoutLine: {'line': b'--   Found eigen3, version 3.4.0\n'}
[1.000671] (-) TimerEvent: {}
[1.002876] (stonefish_slam) StdoutLine: {'line': b'-- Found Eigen: /usr/include/eigen3 (Required is at least version "3.1") \n'}
[1.002955] (stonefish_slam) StdoutLine: {'line': b'-- Eigen found (include: /usr/include/eigen3, version: 3.4.0)\n'}
[1.020476] (stonefish_slam) StdoutLine: {'line': b"-- Checking for module 'flann'\n"}
[1.027840] (stonefish_slam) StdoutLine: {'line': b'--   Found flann, version 1.9.1\n'}
[1.042532] (stonefish_slam) StdoutLine: {'line': b'-- Found FLANN: /usr/lib/x86_64-linux-gnu/libflann_cpp.so  \n'}
[1.042674] (stonefish_slam) StdoutLine: {'line': b'-- FLANN found (include: /usr/include, lib: /usr/lib/x86_64-linux-gnu/libflann_cpp.so)\n'}
[1.043423] (stonefish_slam) StdoutLine: {'line': b'-- Found PCL_COMMON: /usr/lib/x86_64-linux-gnu/libpcl_common.so  \n'}
[1.043815] (stonefish_slam) StdoutLine: {'line': b'-- Found PCL_KDTREE: /usr/lib/x86_64-linux-gnu/libpcl_kdtree.so  \n'}
[1.044177] (stonefish_slam) StdoutLine: {'line': b'-- Found PCL_OCTREE: /usr/lib/x86_64-linux-gnu/libpcl_octree.so  \n'}
[1.044539] (stonefish_slam) StdoutLine: {'line': b'-- Found PCL_SEARCH: /usr/lib/x86_64-linux-gnu/libpcl_search.so  \n'}
[1.044901] (stonefish_slam) StdoutLine: {'line': b'-- Found PCL_SAMPLE_CONSENSUS: /usr/lib/x86_64-linux-gnu/libpcl_sample_consensus.so  \n'}
[1.045257] (stonefish_slam) StdoutLine: {'line': b'-- Found PCL_FILTERS: /usr/lib/x86_64-linux-gnu/libpcl_filters.so  \n'}
[1.100772] (-) TimerEvent: {}
[1.200924] (-) TimerEvent: {}
[1.301067] (-) TimerEvent: {}
[1.396913] (stonefish_slam) StdoutLine: {'line': b'-- Found Python3: /usr/bin/python3 (found version "3.10.12") found components: Interpreter Development Development.Module Development.Embed \n'}
[1.397395] (stonefish_slam) StdoutLine: {'line': b'-- CFAR module will be built with Python 3.10.12\n'}
[1.401124] (-) TimerEvent: {}
[1.428961] (stonefish_slam) StdoutLine: {'line': b'-- DDA Traversal module will be built with Python 3.10.12\n'}
[1.459707] (stonefish_slam) StdoutLine: {'line': b'-- Octree Mapping: OpenMP enabled for parallel ray processing\n'}
[1.459881] (stonefish_slam) StdoutLine: {'line': b'-- Octree Mapping module will be built with OctoMap and Python 3.10.12\n'}
[1.491766] (stonefish_slam) StdoutLine: {'line': b'-- Ray Processor: OpenMP enabled for parallel bearing processing\n'}
[1.491948] (stonefish_slam) StdoutLine: {'line': b'-- Ray Processor module will be built with Eigen, OctoMap and Python 3.10.12\n'}
[1.492016] (stonefish_slam) StdoutLine: {'line': b'-- Building PCL module with libpointmatcher and PCL\n'}
[1.501208] (-) TimerEvent: {}
[1.522925] (stonefish_slam) StdoutLine: {'line': b'-- PCL module will be built with libpointmatcher and PCL 1.12.1\n'}
[1.524341] (stonefish_slam) StdoutLine: {'line': b'-- Found ament_lint_auto: 0.12.14 (/opt/ros/humble/share/ament_lint_auto/cmake)\n'}
[1.581641] (stonefish_slam) StdoutLine: {'line': b"-- Added test 'copyright' to check source files copyright and LICENSE\n"}
[1.601295] (-) TimerEvent: {}
[1.634674] (stonefish_slam) StdoutLine: {'line': b"-- Added test 'cppcheck' to perform static code analysis on C / C++ code\n"}
[1.635164] (stonefish_slam) StdoutLine: {'line': b'-- Configured cppcheck include dirs: /workspace/colcon_ws/src/stonefish_slam/include;/workspace/colcon_ws/src/stonefish_slam/stonefish_slam/cpp\n'}
[1.635228] (stonefish_slam) StdoutLine: {'line': b'-- Configured cppcheck exclude dirs and/or files: \n'}
[1.692852] (stonefish_slam) StdoutLine: {'line': b"-- Added test 'cpplint' to check C / C++ code against the Google style\n"}
[1.693005] (stonefish_slam) StdoutLine: {'line': b'-- Configured cpplint exclude dirs and/or files: \n'}
[1.701385] (-) TimerEvent: {}
[1.702430] (stonefish_slam) StdoutLine: {'line': b"-- Added test 'flake8' to check Python code syntax and style conventions\n"}
[1.719762] (stonefish_slam) StdoutLine: {'line': b"-- Added test 'lint_cmake' to check CMake code style\n"}
[1.728829] (stonefish_slam) StdoutLine: {'line': b"-- Added test 'pep257' to check Python code against some of the docstring style conventions in PEP 257\n"}
[1.801471] (-) TimerEvent: {}
[1.802055] (stonefish_slam) StdoutLine: {'line': b"-- Added test 'uncrustify' to check C / C++ code style\n"}
[1.802210] (stonefish_slam) StdoutLine: {'line': b'-- Configured uncrustify additional arguments: \n'}
[1.812626] (stonefish_slam) StdoutLine: {'line': b"-- Added test 'xmllint' to check XML markup files\n"}
[1.814531] (stonefish_slam) StdoutLine: {'line': b'-- Configuring done\n'}
[1.825005] (stonefish_slam) StdoutLine: {'line': b'-- Generating done\n'}
[1.828545] (stonefish_slam) StdoutLine: {'line': b'-- Build files have been written to: /workspace/colcon_ws/src/stonefish_slam/build/stonefish_slam\n'}
[1.834812] (stonefish_slam) CommandEnded: {'returncode': 0}
[1.835758] (stonefish_slam) JobProgress: {'identifier': 'stonefish_slam', 'progress': 'build'}
[1.835784] (stonefish_slam) Command: {'cmd': ['/usr/bin/cmake', '--build', '/workspace/colcon_ws/src/stonefish_slam/build/stonefish_slam', '--', '-j28', '-l28'], 'cwd': '/workspace/colcon_ws/src/stonefish_slam/build/stonefish_slam', 'env': OrderedDict([('SIMULATION_RATE', '300.0'), ('CLAUDE_CODE_ENTRYPOINT', 'cli'), ('GIT_EDITOR', 'true'), ('GRAPHICS_HEIGHT', '1080'), ('HOSTNAME', 'ksm-MS-7E01'), ('BLUEROV2_CONFIG_PATH', '/workspace/scenarios/bluerov2'), ('GIT_ASKPASS', '/root/.vscode-server/bin/1e3c50d64110be466c0b4a45222e81d2c9352888/extensions/git/dist/askpass.sh'), ('SHLVL', '3'), ('LIBGL_ALWAYS_SOFTWARE', '0'), ('LD_LIBRARY_PATH', '/workspace/colcon_ws/install/stonefish_ros2/lib:/workspace/colcon_ws/install/stonefish_msgs/lib:/workspace/colcon_ws/install/stonefish_control_msgs/lib:/opt/ros/humble/opt/rviz_ogre_vendor/lib:/opt/ros/humble/lib/x86_64-linux-gnu:/opt/ros/humble/lib'), ('BROWSER', '/root/.vscode-server/bin/1e3c50d64110be466c0b4a45222e81d2c9352888/bin/helpers/browser.sh'), ('HOME', '/root'), ('TERM_PROGRAM_VERSION', '1.106.2'), ('VSCODE_IPC_HOOK_CLI', '/tmp/runtime-root/vscode-ipc-3edfe2c3-03c7-48fe-8765-7fda3a20722c.sock'), ('RESULTS_PATH', '/workspace/results'), ('ROS_PYTHON_VERSION', '3'), ('VSCODE_GIT_ASKPASS_MAIN', '/root/.vscode-server/bin/1e3c50d64110be466c0b4a45222e81d2c9352888/extensions/git/dist/askpass-main.js'), ('VSCODE_GIT_ASKPASS_NODE', '/root/.vscode-server/bin/1e3c50d64110be466c0b4a45222e81d2c9352888/node'), ('DATA_PATH', '/workspace/data'), ('VSCODE_PYTHON_AUTOACTIVATE_GUARD', '1'), ('COLORTERM', 'truecolor'), ('REMOTE_CONTAINERS', 'true'), ('BLUEROV2_MODEL_PATH', '/workspace/colcon_ws/src/stonefish_bluerov2'), ('DEBUGINFOD_URLS', ''), ('COLCON_PREFIX_PATH', '/workspace/colcon_ws/install'), ('ROS_DISTRO', 'humble'), ('REMOTE_CONTAINERS_IPC', '/tmp/vscode-remote-containers-ipc-ca092b76-f76c-409a-b2b3-6087c35312d0.sock'), ('_', '/usr/bin/colcon'), ('ROS_VERSION', '2'), ('CLAUDE_CODE_SSE_PORT', '38935'), ('TERM', 'xterm-256color'), ('OTEL_EXPORTER_OTLP_METRICS_TEMPORALITY_PREFERENCE', 'delta'), ('ROS_LOCALHOST_ONLY', '0'), ('QT_X11_NO_MITSHM', '1'), ('PATH', '/usr/local/bin:/root/.vscode-server/data/User/globalStorage/github.copilot-chat/debugCommand:/root/.vscode-server/data/User/globalStorage/github.copilot-chat/copilotCli:/root/.vscode-server/bin/1e3c50d64110be466c0b4a45222e81d2c9352888/bin/remote-cli:/usr/lib/ccache:/usr/local/bin:/workspace/colcon_ws/install/stonefish_control_utils/bin:/workspace/colcon_ws/install/human-eval/bin:/opt/ros/humble/bin:/usr/local/sbin:/usr/local/bin:/usr/sbin:/usr/bin:/sbin:/bin:/workspace/ardupilot/Tools/autotest:/workspace/ardupilot/Tools/autotest:/workspace/ardupilot/Tools/autotest'), ('ANTHROPIC_API_KEY', ''), ('COREPACK_ENABLE_AUTO_PIN', '0'), ('XDG_RUNTIME_DIR', '/tmp/runtime-root'), ('REMOTE_CONTAINERS_SOCKETS', '["/tmp/vscode-ssh-auth-ca092b76-f76c-409a-b2b3-6087c35312d0.sock","/root/.gnupg/S.gpg-agent"]'), ('DISPLAY', ':0'), ('STONEFISH_DATA_PATH', '/workspace/data/stonefish'), ('GRAPHICS_WIDTH', '1920'), ('NoDefaultCurrentDirectoryInExePath', '1'), ('LANG', 'C.UTF-8'), ('SCENARIOS_PATH', '/workspace/scenarios'), ('RMW_IMPLEMENTATION', 'rmw_fastrtps_cpp'), ('CONTAINER_NAME', 'stonefish-ros2-humble'), ('LS_COLORS', 'rs=0:di=01;34:ln=01;36:mh=00:pi=40;33:so=01;35:do=01;35:bd=40;33;01:cd=40;33;01:or=40;31;01:mi=00:su=37;41:sg=30;43:ca=30;41:tw=30;42:ow=34;42:st=37;44:ex=01;32:*.tar=01;31:*.tgz=01;31:*.arc=01;31:*.arj=01;31:*.taz=01;31:*.lha=01;31:*.lz4=01;31:*.lzh=01;31:*.lzma=01;31:*.tlz=01;31:*.txz=01;31:*.tzo=01;31:*.t7z=01;31:*.zip=01;31:*.z=01;31:*.dz=01;31:*.gz=01;31:*.lrz=01;31:*.lz=01;31:*.lzo=01;31:*.xz=01;31:*.zst=01;31:*.tzst=01;31:*.bz2=01;31:*.bz=01;31:*.tbz=01;31:*.tbz2=01;31:*.tz=01;31:*.deb=01;31:*.rpm=01;31:*.jar=01;31:*.war=01;31:*.ear=01;31:*.sar=01;31:*.rar=01;31:*.alz=01;31:*.ace=01;31:*.zoo=01;31:*.cpio=01;31:*.7z=01;31:*.rz=01;31:*.cab=01;31:*.wim=01;31:*.swm=01;31:*.dwm=01;31:*.esd=01;31:*.jpg=01;35:*.jpeg=01;35:*.mjpg=01;35:*.mjpeg=01;35:*.gif=01;35:*.bmp=01;35:*.pbm=01;35:*.pgm=01;35:*.ppm=01;35:*.tga=01;35:*.xbm=01;35:*.xpm=01;35:*.tif=01;35:*.tiff=01;35:*.png=01;35:*.svg=01;35:*.svgz=01;35:*.mng=01;35:*.pcx=01;35:*.mov=01;35:*.mpg=01;35:*.mpeg=01;35:*.m2v=01;35:*.mkv=01;35:*.webm=01;35:*.webp=01;35:*.ogm=01;35:*.mp4=01;35:*.m4v=01;35:*.mp4v=01;35:*.vob=01;35:*.qt=01;35:*.nuv=01;35:*.wmv=01;35:*.asf=01;35:*.rm=01;35:*.rmvb=01;35:*.flc=01;35:*.avi=01;35:*.fli=01;35:*.flv=01;35:*.gl=01;35:*.dl=01;35:*.xcf=01;35:*.xwd=01;35:*.yuv=01;35:*.cgm=01;35:*.emf=01;35:*.ogv=01;35:*.ogx=01;35:*.aac=00;36:*.au=00;36:*.flac=00;36:*.m4a=00;36:*.mid=00;36:*.midi=00;36:*.mka=00;36:*.mp3=00;36:*.mpc=00;36:*.ogg=00;36:*.ra=00;36:*.wav=00;36:*.oga=00;36:*.opus=00;36:*.spx=00;36:*.xspf=00;36:'), ('VSCODE_GIT_IPC_HANDLE', '/tmp/runtime-root/vscode-git-42ee3b3b79.sock'), ('TERM_PROGRAM', 'vscode'), ('SSH_AUTH_SOCK', '/tmp/vscode-ssh-auth-ca092b76-f76c-409a-b2b3-6087c35312d0.sock'), ('ROS_DOMAIN_ID', '0'), ('AMENT_PREFIX_PATH', '/workspace/colcon_ws/install/stonefish_trajectory_manager:/workspace/colcon_ws/install/stonefish_thruster_manager:/workspace/colcon_ws/install/stonefish_slam:/workspace/colcon_ws/install/stonefish_ros2:/workspace/colcon_ws/install/stonefish_msgs:/workspace/colcon_ws/install/stonefish_description:/workspace/colcon_ws/install/stonefish_control_utils:/workspace/colcon_ws/install/stonefish_control:/workspace/colcon_ws/install/stonefish_control_msgs:/opt/ros/humble'), ('DEBIAN_FRONTEND', 'noninteractive'), ('SHELL', '/bin/bash'), ('DOCKER_IMAGE', 'luckkim123/stonefish-ros2-humble:1.0.0'), ('CLAUDECODE', '1'), ('VSCODE_GIT_ASKPASS_EXTRA_ARGS', ''), ('CLAUDE_MD_PATH', '/home/ksm/workspace/CLAUDE.md'), ('PWD', '/workspace/colcon_ws/src/stonefish_slam/build/stonefish_slam'), ('ENABLE_IDE_INTEGRATION', 'true'), ('LC_ALL', 'C.UTF-8'), ('DATA_ROOT', '/home/ksm/workspace/2_data'), ('RCUTILS_COLORIZED_OUTPUT', '1'), ('MESA_GL_VERSION_OVERRIDE', '4.5'), ('PYTHONPATH', '/workspace/colcon_ws/install/stonefish_trajectory_manager/lib/python3.10/site-packages:/workspace/colcon_ws/install/stonefish_thruster_manager/lib/python3.10/site-packages:/workspace/colcon_ws/install/stonefish_slam/local/lib/python3.10/dist-packages:/workspace/colcon_ws/install/stonefish_msgs/local/lib/python3.10/dist-packages:/workspace/colcon_ws/install/stonefish_control_utils/lib/python3.10/site-packages:/workspace/colcon_ws/install/stonefish_control/lib/python3.10/site-packages:/workspace/colcon_ws/install/stonefish_control_msgs/local/lib/python3.10/dist-packages:/workspace/colcon_ws/install/human-eval/lib/python3.10/site-packages:/workspace/colcon_ws/install/eureka/lib/python3.10/site-packages:/workspace/colcon_ws/install/dr_eureka/lib/python3.10/site-packages:/opt/ros/humble/lib/python3.10/site-packages:/opt/ros/humble/local/lib/python3.10/dist-packages'), ('TZ', 'Asia/Seoul'), ('COLCON', '1'), ('GRAPHICS_QUALITY', 'high'), ('CMAKE_PREFIX_PATH', '/workspace/colcon_ws/install/stonefish_slam:/workspace/colcon_ws/install/stonefish_ros2:/workspace/colcon_ws/install/stonefish_msgs:/workspace/colcon_ws/install/stonefish_description:/workspace/colcon_ws/install/stonefish_control_msgs:/workspace/colcon_ws/install/stonefish_trajectory_manager:/workspace/colcon_ws/install/stonefish_thruster_manager:/workspace/colcon_ws/install/stonefish_control_utils:/workspace/colcon_ws/install/stonefish_control:/opt/ros/humble')]), 'shell': False}
[1.858767] (stonefish_slam) StderrLine: {'line': b"failed to create symbolic link '/workspace/colcon_ws/src/stonefish_slam/build/stonefish_slam/ament_cmake_python/stonefish_slam/stonefish_slam' because existing path cannot be removed: Is a directory\n"}
[1.858900] (stonefish_slam) StdoutLine: {'line': b'[  8%] Building CXX object CMakeFiles/cfar.dir/stonefish_slam/cpp/cfar.cpp.o\n'}
[1.858933] (stonefish_slam) StdoutLine: {'line': b'[ 16%] Building CXX object CMakeFiles/dda_traversal.dir/stonefish_slam/cpp/dda_traversal.cpp.o\n'}
[1.858957] (stonefish_slam) StdoutLine: {'line': b'[ 25%] Building CXX object CMakeFiles/octree_mapping.dir/stonefish_slam/cpp/octree_mapping.cpp.o\n'}
[1.859180] (stonefish_slam) StderrLine: {'line': b'gmake[2]: *** [CMakeFiles/ament_cmake_python_symlink_stonefish_slam.dir/build.make:70: CMakeFiles/ament_cmake_python_symlink_stonefish_slam] Error 1\n'}
[1.859317] (stonefish_slam) StderrLine: {'line': b'gmake[1]: *** [CMakeFiles/Makefile2:151: CMakeFiles/ament_cmake_python_symlink_stonefish_slam.dir/all] Error 2\n'}
[1.859379] (stonefish_slam) StderrLine: {'line': b'gmake[1]: *** Waiting for unfinished jobs....\n'}
[1.861723] (stonefish_slam) StdoutLine: {'line': b'[ 25%] Built target ament_cmake_python_symlink_stonefish_slam_setup\n'}
[1.862511] (stonefish_slam) StdoutLine: {'line': b'[ 33%] Building CXX object CMakeFiles/octree_mapping_core.dir/stonefish_slam/cpp/octree_mapping.cpp.o\n'}
[1.862611] (stonefish_slam) StdoutLine: {'line': b'[ 41%] Building CXX object CMakeFiles/pcl_module.dir/stonefish_slam/cpp/pcl.cpp.o\n'}
[1.865478] (stonefish_slam) StderrLine: {'line': b'/workspace/colcon_ws/src/stonefish_slam/stonefish_slam/cpp/cfar.cpp: In function \xe2\x80\x98MatrixXb os(const MatrixXf&, int, int, int, double)\xe2\x80\x99:\n'}
[1.865581] (stonefish_slam) StderrLine: {'line': b'/workspace/colcon_ws/src/stonefish_slam/stonefish_slam/cpp/cfar.cpp:99:13: warning: unused variable \xe2\x80\x98leading_sum\xe2\x80\x99 [-Wunused-variable]\n'}
[1.865635] (stonefish_slam) StderrLine: {'line': b'   99 |       float leading_sum = 0.0, lagging_sum = 0.0;\n'}
[1.865684] (stonefish_slam) StderrLine: {'line': b'      |             ^~~~~~~~~~~\n'}
[1.865733] (stonefish_slam) StderrLine: {'line': b'/workspace/colcon_ws/src/stonefish_slam/stonefish_slam/cpp/cfar.cpp:99:32: warning: unused variable \xe2\x80\x98lagging_sum\xe2\x80\x99 [-Wunused-variable]\n'}
[1.865789] (stonefish_slam) StderrLine: {'line': b'   99 |       float leading_sum = 0.0, lagging_sum = 0.0;\n'}
[1.865838] (stonefish_slam) StderrLine: {'line': b'      |                                ^~~~~~~~~~~\n'}
[1.865886] (stonefish_slam) StderrLine: {'line': b'/workspace/colcon_ws/src/stonefish_slam/stonefish_slam/cpp/cfar.cpp: In function \xe2\x80\x98std::pair<Eigen::Matrix<unsigned char, -1, -1>, Eigen::Matrix<float, -1, -1> > os2(const MatrixXf&, int, int, int, double)\xe2\x80\x99:\n'}
[1.865934] (stonefish_slam) StderrLine: {'line': b'/workspace/colcon_ws/src/stonefish_slam/stonefish_slam/cpp/cfar.cpp:194:13: warning: unused variable \xe2\x80\x98leading_sum\xe2\x80\x99 [-Wunused-variable]\n'}
[1.865981] (stonefish_slam) StderrLine: {'line': b'  194 |       float leading_sum = 0.0, lagging_sum = 0.0;\n'}
[1.866026] (stonefish_slam) StderrLine: {'line': b'      |             ^~~~~~~~~~~\n'}
[1.866072] (stonefish_slam) StderrLine: {'line': b'/workspace/colcon_ws/src/stonefish_slam/stonefish_slam/cpp/cfar.cpp:194:32: warning: unused variable \xe2\x80\x98lagging_sum\xe2\x80\x99 [-Wunused-variable]\n'}
[1.866120] (stonefish_slam) StderrLine: {'line': b'  194 |       float leading_sum = 0.0, lagging_sum = 0.0;\n'}
[1.866171] (stonefish_slam) StderrLine: {'line': b'      |                                ^~~~~~~~~~~\n'}
[1.869913] (stonefish_slam) StdoutLine: {'line': b'[ 58%] Linking CXX shared module dda_traversal.cpython-310-x86_64-linux-gnu.so\n'}
[1.869995] (stonefish_slam) StdoutLine: {'line': b'[ 58%] Linking CXX shared module cfar.cpython-310-x86_64-linux-gnu.so\n'}
[1.870088] (stonefish_slam) StdoutLine: {'line': b'[ 66%] Linking CXX shared module octree_mapping.cpython-310-x86_64-linux-gnu.so\n'}
[1.873482] (stonefish_slam) StdoutLine: {'line': b'[ 75%] Linking CXX static library liboctree_mapping_core.a\n'}
[1.889573] (stonefish_slam) StdoutLine: {'line': b'[ 75%] Built target octree_mapping_core\n'}
[1.892952] (stonefish_slam) StdoutLine: {'line': b'[ 83%] Linking CXX shared module pcl.so\n'}
[1.901552] (-) TimerEvent: {}
[1.923118] (stonefish_slam) StderrLine: {'line': b'lto-wrapper: warning: using serial compilation of 2 LTRANS jobs\n'}
[1.943770] (stonefish_slam) StderrLine: {'line': b'lto-wrapper: warning: using serial compilation of 3 LTRANS jobs\n'}
[1.948815] (stonefish_slam) StderrLine: {'line': b'lto-wrapper: warning: using serial compilation of 4 LTRANS jobs\n'}
[2.001646] (-) TimerEvent: {}
[2.101818] (-) TimerEvent: {}
[2.138432] (stonefish_slam) StderrLine: {'line': b'lto-wrapper: warning: using serial compilation of 5 LTRANS jobs\n'}
[2.201907] (-) TimerEvent: {}
[2.302074] (-) TimerEvent: {}
[2.402207] (-) TimerEvent: {}
[2.502381] (-) TimerEvent: {}
[2.602545] (-) TimerEvent: {}
[2.702704] (-) TimerEvent: {}
[2.802982] (-) TimerEvent: {}
[2.903358] (-) TimerEvent: {}
[3.003586] (-) TimerEvent: {}
[3.104021] (-) TimerEvent: {}
[3.204196] (-) TimerEvent: {}
[3.304361] (-) TimerEvent: {}
[3.404543] (-) TimerEvent: {}
[3.504722] (-) TimerEvent: {}
[3.604894] (-) TimerEvent: {}
[3.705060] (-) TimerEvent: {}
[3.804822] (stonefish_slam) StdoutLine: {'line': b'[ 83%] Built target cfar\n'}
[3.805118] (-) TimerEvent: {}
[3.905240] (-) TimerEvent: {}
[4.005401] (-) TimerEvent: {}
[4.105569] (-) TimerEvent: {}
[4.205742] (-) TimerEvent: {}
[4.305915] (-) TimerEvent: {}
[4.406079] (-) TimerEvent: {}
[4.506273] (-) TimerEvent: {}
[4.606444] (-) TimerEvent: {}
[4.673285] (stonefish_slam) StdoutLine: {'line': b'[ 83%] Built target octree_mapping\n'}
[4.691465] (stonefish_slam) StdoutLine: {'line': b'[ 83%] Built target dda_traversal\n'}
[4.706529] (-) TimerEvent: {}
[4.806670] (-) TimerEvent: {}
[4.906804] (-) TimerEvent: {}
[5.006946] (-) TimerEvent: {}
[5.107082] (-) TimerEvent: {}
[5.207212] (-) TimerEvent: {}
[5.307347] (-) TimerEvent: {}
[5.407483] (-) TimerEvent: {}
[5.507613] (-) TimerEvent: {}
[5.514707] (stonefish_slam) StdoutLine: {'line': b'[ 83%] Built target pcl_module\n'}
[5.515108] (stonefish_slam) StderrLine: {'line': b'gmake: *** [Makefile:146: all] Error 2\n'}
[5.516302] (stonefish_slam) CommandEnded: {'returncode': 2}
[5.521879] (stonefish_slam) JobEnded: {'identifier': 'stonefish_slam', 'rc': 2}
[5.532534] (-) EventReactorShutdown: {}
